Build started 21/04/2016 20.30.42.
Project "C:\Documents and Settings\Administrator\Desktop\Shaders\Example2\Example2.vcxproj" on node 2 (build target(s)).
InitializeBuildStatus:
  Creating "Debug\Example2.unsuccessfulbuild" because "AlwaysCreate" was specified.
ClCompile:
  C:\Programmi\Microsoft Visual Studio 10.0\VC\bin\CL.exe /c /ZI /nologo /W3 /WX- /Od /Oy- /D WIN32 /D _DEBUG /D _CONSOLE /D _UNICODE /D UNICODE /Gm /EHsc /RTC1 /MDd /GS /fp:precise /Zc:wchar_t /Zc:forScope /Fo"Debug\\" /Fd"Debug\vc100.pdb" /Gd /TP /analyze- /errorReport:prompt example2.cpp
  example2.cpp
c:\documents and settings\administrator\desktop\shaders\example2\example2.cpp(50): warning C4996: 'fopen': This function or variable may be unsafe. Consider using fopen_s instead. To disable deprecation, use _CRT_SECURE_NO_WARNINGS. See online help for details.
          c:\programmi\microsoft visual studio 10.0\vc\include\stdio.h(234) : see declaration of 'fopen'
ManifestResourceCompile:
  All outputs are up-to-date.
Link:
  C:\Programmi\Microsoft Visual Studio 10.0\VC\bin\link.exe /ERRORREPORT:PROMPT /OUT:"C:\Documents and Settings\Administrator\Desktop\Shaders\Debug\Example2.exe" /INCREMENTAL /NOLOGO glew32.lib opengl32.lib glut32.lib kernel32.lib user32.lib gdi32.lib winspool.lib comdlg32.lib advapi32.lib shell32.lib ole32.lib oleaut32.lib uuid.lib odbc32.lib odbccp32.lib kernel32.lib user32.lib gdi32.lib winspool.lib comdlg32.lib advapi32.lib shell32.lib ole32.lib oleaut32.lib uuid.lib odbc32.lib odbccp32.lib /MANIFEST /ManifestFile:"Debug\Example2.exe.intermediate.manifest" /MANIFESTUAC:"level='asInvoker' uiAccess='false'" /DEBUG /PDB:"C:\Documents and Settings\Administrator\Desktop\Shaders\Debug\Example2.pdb" /SUBSYSTEM:CONSOLE /TLBID:1 /DYNAMICBASE /NXCOMPAT /IMPLIB:"C:\Documents and Settings\Administrator\Desktop\Shaders\Debug\Example2.lib" /MACHINE:X86 Debug\Example2.exe.embed.manifest.res
  Debug\example2.obj
Manifest:
  C:\Programmi\Microsoft SDKs\Windows\v7.0A\bin\mt.exe /nologo /verbose /out:"Debug\Example2.exe.embed.manifest" /manifest Debug\Example2.exe.intermediate.manifest
  All outputs are up-to-date.
LinkEmbedManifest:
  All outputs are up-to-date.
  Example2.vcxproj -> C:\Documents and Settings\Administrator\Desktop\Shaders\Debug\Example2.exe
FinalizeBuildStatus:
  Deleting file "Debug\Example2.unsuccessfulbuild".
  Touching "Debug\Example2.lastbuildstate".
Done Building Project "C:\Documents and Settings\Administrator\Desktop\Shaders\Example2\Example2.vcxproj" (build target(s)).

Build succeeded.

Time Elapsed 00:00:02.07
