Build started 21/04/2016 15.49.27.
Project "C:\Documents and Settings\Administrator\Desktop\Shaders\Example1\Example1.vcxproj" on node 2 (build target(s)).
InitializeBuildStatus:
  Creating "Debug\Example1.unsuccessfulbuild" because "AlwaysCreate" was specified.
ClCompile:
  C:\Programmi\Microsoft Visual Studio 10.0\VC\bin\CL.exe /c /ZI /nologo /W3 /WX- /Od /Oy- /D WIN32 /D _DEBUG /D _CONSOLE /D _UNICODE /D UNICODE /Gm /EHsc /RTC1 /MDd /GS /fp:precise /Zc:wchar_t /Zc:forScope /Fo"Debug\\" /Fd"Debug\vc100.pdb" /Gd /TP /analyze- /errorReport:prompt example1.cpp
  example1.cpp
c:\documents and settings\administrator\desktop\shaders\example1\example1.cpp(49): warning C4996: 'fopen': This function or variable may be unsafe. Consider using fopen_s instead. To disable deprecation, use _CRT_SECURE_NO_WARNINGS. See online help for details.
          c:\programmi\microsoft visual studio 10.0\vc\include\stdio.h(234) : see declaration of 'fopen'
ManifestResourceCompile:
  C:\Programmi\Microsoft SDKs\Windows\v7.0A\bin\rc.exe /nologo /fo"Debug\Example1.exe.embed.manifest.res" Debug\Example1_manifest.rc 
Link:
  C:\Programmi\Microsoft Visual Studio 10.0\VC\bin\link.exe /ERRORREPORT:PROMPT /OUT:"C:\Documents and Settings\Administrator\Desktop\Shaders\Debug\Example1.exe" /INCREMENTAL /NOLOGO glew32.lib opengl32.lib glut32.lib kernel32.lib user32.lib gdi32.lib winspool.lib comdlg32.lib advapi32.lib shell32.lib ole32.lib oleaut32.lib uuid.lib odbc32.lib odbccp32.lib kernel32.lib user32.lib gdi32.lib winspool.lib comdlg32.lib advapi32.lib shell32.lib ole32.lib oleaut32.lib uuid.lib odbc32.lib odbccp32.lib /MANIFEST /ManifestFile:"Debug\Example1.exe.intermediate.manifest" /MANIFESTUAC:"level='asInvoker' uiAccess='false'" /DEBUG /PDB:"C:\Documents and Settings\Administrator\Desktop\Shaders\Debug\Example1.pdb" /SUBSYSTEM:CONSOLE /TLBID:1 /DYNAMICBASE /NXCOMPAT /IMPLIB:"C:\Documents and Settings\Administrator\Desktop\Shaders\Debug\Example1.lib" /MACHINE:X86 Debug\Example1.exe.embed.manifest.res
  Debug\example1.obj
Manifest:
  C:\Programmi\Microsoft SDKs\Windows\v7.0A\bin\mt.exe /nologo /verbose /out:"Debug\Example1.exe.embed.manifest" /manifest Debug\Example1.exe.intermediate.manifest
  C:\Programmi\Microsoft SDKs\Windows\v7.0A\bin\rc.exe /nologo /fo"Debug\Example1.exe.embed.manifest.res" Debug\Example1_manifest.rc 
LinkEmbedManifest:
  C:\Programmi\Microsoft Visual Studio 10.0\VC\bin\link.exe /ERRORREPORT:PROMPT /OUT:"C:\Documents and Settings\Administrator\Desktop\Shaders\Debug\Example1.exe" /INCREMENTAL /NOLOGO glew32.lib opengl32.lib glut32.lib kernel32.lib user32.lib gdi32.lib winspool.lib comdlg32.lib advapi32.lib shell32.lib ole32.lib oleaut32.lib uuid.lib odbc32.lib odbccp32.lib kernel32.lib user32.lib gdi32.lib winspool.lib comdlg32.lib advapi32.lib shell32.lib ole32.lib oleaut32.lib uuid.lib odbc32.lib odbccp32.lib /MANIFEST /ManifestFile:"Debug\Example1.exe.intermediate.manifest" /MANIFESTUAC:"level='asInvoker' uiAccess='false'" /DEBUG /PDB:"C:\Documents and Settings\Administrator\Desktop\Shaders\Debug\Example1.pdb" /SUBSYSTEM:CONSOLE /TLBID:1 /DYNAMICBASE /NXCOMPAT /IMPLIB:"C:\Documents and Settings\Administrator\Desktop\Shaders\Debug\Example1.lib" /MACHINE:X86 Debug\Example1.exe.embed.manifest.res
  Debug\example1.obj
  Example1.vcxproj -> C:\Documents and Settings\Administrator\Desktop\Shaders\Debug\Example1.exe
FinalizeBuildStatus:
  Deleting file "Debug\Example1.unsuccessfulbuild".
  Touching "Debug\Example1.lastbuildstate".
Done Building Project "C:\Documents and Settings\Administrator\Desktop\Shaders\Example1\Example1.vcxproj" (build target(s)).

Build succeeded.

Time Elapsed 00:00:03.56
